07:19:56.082 [main] INFO  org.image.App - Selected image: C:\Users\Administrator\Documents\сдфасдф.jpg
07:19:56.086 [main] INFO  org.image.App - Selected image: C:\Users\Administrator\Documents\сдфасдф.jpg
07:20:55.256 [main] INFO  org.image.App - Selected image: C:\Users\Administrator\Desktop\image.jpg
07:20:55.262 [main] INFO  org.image.App - Selected image: C:\Users\Administrator\Desktop\image.jpg
07:22:03.222 [main] INFO  org.image.App - Selected image: test-image.png
07:22:34.433 [main] INFO  org.image.App - Selected image: test-image.png
07:22:57.411 [main] INFO  org.image.App - Selected image: test-image.png
07:25:58.454 [main] INFO  org.image.App - Selected image: test-image.png
07:28:32.139 [main] INFO  org.image.App - Selected image: test-image.png
07:29:10.593 [main] INFO  org.image.App - Selected image: test-image.png
07:29:35.312 [main] INFO  org.image.App - Selected image: test-image.png
07:33:24.173 [main] INFO  org.image.App - Selected image: test-image.png
19:04:46.120 [main] INFO  org.image.App - Selected image: C:\Users\Administrator\Documents\1ADOBE\5cecea38a1b20154d82bd.jpg
19:04:46.125 [main] INFO  org.image.App - Selected image: C:\Users\Administrator\Documents\1ADOBE\5cecea38a1b20154d82bd.jpg
19:05:53.405 [main] INFO  org.image.App - Selected image: test-image.png
19:06:47.001 [main] INFO  org.image.App - Selected image: C:\Users\Administrator\Documents\1ADOBE\photo_2021-11-29_11-31-21.jpg
19:06:47.006 [main] INFO  org.image.App - Selected image: C:\Users\Administrator\Documents\1ADOBE\photo_2021-11-29_11-31-21.jpg
19:08:32.473 [main] INFO  org.image.App - Selected image: test-image.png
19:09:44.769 [main] INFO  org.image.App - Selected image: C:\Users\Administrator\Documents\1ADOBE\photo_2022-08-14_02-00-23.jpg
19:09:44.775 [main] INFO  org.image.App - Selected image: C:\Users\Administrator\Documents\1ADOBE\photo_2022-08-14_02-00-23.jpg
19:10:28.724 [main] INFO  org.image.App - Selected image: test-image.png
19:12:41.126 [main] INFO  org.image.App - Selected image: C:\Users\Administrator\Documents\1ADOBE\photo_2022-08-14_03-26-58.jpg
19:12:41.133 [main] INFO  org.image.App - Selected image: C:\Users\Administrator\Documents\1ADOBE\photo_2022-08-14_03-26-58.jpg
19:13:51.625 [main] INFO  org.image.App - Selected image: test-image.png
19:17:11.932 [main] INFO  org.image.App - Selected image: C:\Users\Administrator\Documents\1ADOBE\5cecea38a1b20154d82bd.jpg
19:17:11.940 [main] INFO  org.image.App - Selected image: C:\Users\Administrator\Documents\1ADOBE\5cecea38a1b20154d82bd.jpg
19:36:00.175 [main] INFO  org.image.App - Selected image: C:\Users\Administrator\Documents\1ADOBE\photo_2022-08-21_09-13-42.jpg
19:36:00.183 [main] INFO  org.image.App - Selected image: C:\Users\Administrator\Documents\1ADOBE\photo_2022-08-21_09-13-42.jpg
19:40:16.109 [main] INFO  org.image.App - Selected image: C:\Users\Administrator\Documents\1ADOBE\photo_2021-11-04_14-25-10.jpg
19:40:16.114 [main] INFO  org.image.App - Selected image: C:\Users\Administrator\Documents\1ADOBE\photo_2021-11-04_14-25-10.jpg
15:40:46.452 [main] INFO  org.image.App - Selected image: C:\Users\Administrator\Documents\1Apictures\5cecea38a1b20154d82bd.jpg
15:40:46.457 [main] INFO  org.image.App - Selected image: C:\Users\Administrator\Documents\1Apictures\5cecea38a1b20154d82bd.jpg
15:43:02.844 [main] INFO  org.image.App - Selected image: C:\Users\Administrator\Documents\1Apictures\photo_2022-10-22_07-29-12.jpg
15:43:02.852 [main] INFO  org.image.App - Selected image: C:\Users\Administrator\Documents\1Apictures\photo_2022-10-22_07-29-12.jpg
15:44:09.737 [main] INFO  org.image.App - Selected image: test-image.png
15:44:25.932 [main] INFO  org.image.App - Selected image: test-image.png
